<?xml version="1.0" encoding="UTF-8"?>
<coverage generated="1565405612258" clover="3.2.0">
  <project timestamp="1565405612258" name="All files">
    <metrics statements="26" coveredstatements="23" conditionals="14" coveredconditionals="11" methods="3" coveredmethods="2" elements="43" coveredelements="36" complexity="0" loc="26" ncloc="26" packages="1" files="1" classes="1"/>
    <file name="app.js" path="C:\Users\Usuario\Documents\Lp3\LP3_2019-2\Aula-01\app.js">
      <metrics statements="26" coveredstatements="23" conditionals="14" coveredconditionals="11" methods="3" coveredmethods="2"/>
      <line num="1" count="1" type="stmt"/>
      <line num="3" count="1" type="stmt"/>
      <line num="5" count="1" type="stmt"/>
      <line num="6" count="0" type="stmt"/>
      <line num="7" count="0" type="stmt"/>
      <line num="8" count="0" type="stmt"/>
      <line num="11" count="1" type="stmt"/>
      <line num="13" count="3" type="stmt"/>
      <line num="15" count="3" type="stmt"/>
      <line num="19" count="3" type="stmt"/>
      <line num="22" count="1" type="stmt"/>
      <line num="23" count="14" type="stmt"/>
      <line num="24" count="14" type="stmt"/>
      <line num="26" count="14" type="stmt"/>
      <line num="28" count="14" type="cond" truecount="1" falsecount="1"/>
      <line num="30" count="126" type="stmt"/>
      <line num="31" count="14" type="stmt"/>
      <line num="33" count="14" type="cond" truecount="3" falsecount="1"/>
      <line num="34" count="14" type="cond" truecount="2" falsecount="0"/>
      <line num="36" count="14" type="stmt"/>
      <line num="37" count="140" type="stmt"/>
      <line num="38" count="14" type="stmt"/>
      <line num="40" count="14" type="cond" truecount="3" falsecount="1"/>
      <line num="41" count="14" type="cond" truecount="2" falsecount="0"/>
      <line num="42" count="9" type="stmt"/>
      <line num="45" count="1" type="stmt"/>
    </file>
  </project>
</coverage>
