{"C:\\Users\\Usuario\\Documents\\Lp3\\LP3_2019-2\\Aula-01\\app.js": {"path":"C:\\Users\\Usuario\\Documents\\Lp3\\LP3_2019-2\\Aula-01\\app.js","statementMap":{"0":{"start":{"line":1,"column":16},"end":{"line":1,"column":35}},"1":{"start":{"line":3,"column":12},"end":{"line":3,"column":21}},"2":{"start":{"line":5,"column":0},"end":{"line":9,"column":3}},"3":{"start":{"line":6,"column":20},"end":{"line":6,"column":30}},"4":{"start":{"line":7,"column":4},"end":{"line":7,"column":45}},"5":{"start":{"line":8,"column":4},"end":{"line":8,"column":24}},"6":{"start":{"line":11,"column":0},"end":{"line":20,"column":4}},"7":{"start":{"line":13,"column":14},"end":{"line":13,"column":28}},"8":{"start":{"line":15,"column":4},"end":{"line":18,"column":14}},"9":{"start":{"line":19,"column":4},"end":{"line":19,"column":31}},"10":{"start":{"line":22,"column":1},"end":{"line":43,"column":3}},"11":{"start":{"line":23,"column":14},"end":{"line":23,"column":28}},"12":{"start":{"line":24,"column":14},"end":{"line":24,"column":15}},"13":{"start":{"line":26,"column":4},"end":{"line":26,"column":12}},"14":{"start":{"line":28,"column":2},"end":{"line":28,"column":53}},"15":{"start":{"line":28,"column":28},"end":{"line":28,"column":53}},"16":{"start":{"line":30,"column":2},"end":{"line":30,"column":78}},"17":{"start":{"line":30,"column":23},"end":{"line":30,"column":78}},"18":{"start":{"line":31,"column":2},"end":{"line":31,"column":24}},"19":{"start":{"line":33,"column":4},"end":{"line":33,"column":45}},"20":{"start":{"line":33,"column":37},"end":{"line":33,"column":45}},"21":{"start":{"line":34,"column":4},"end":{"line":34,"column":73}},"22":{"start":{"line":34,"column":48},"end":{"line":34,"column":73}},"23":{"start":{"line":36,"column":4},"end":{"line":36,"column":12}},"24":{"start":{"line":37,"column":4},"end":{"line":37,"column":85}},"25":{"start":{"line":37,"column":30},"end":{"line":37,"column":85}},"26":{"start":{"line":38,"column":4},"end":{"line":38,"column":26}},"27":{"start":{"line":40,"column":4},"end":{"line":40,"column":45}},"28":{"start":{"line":40,"column":37},"end":{"line":40,"column":45}},"29":{"start":{"line":41,"column":4},"end":{"line":41,"column":75}},"30":{"start":{"line":41,"column":50},"end":{"line":41,"column":75}},"31":{"start":{"line":42,"column":4},"end":{"line":42,"column":28}},"32":{"start":{"line":45,"column":0},"end":{"line":45,"column":19}}},"fnMap":{"0":{"name":"(anonymous_0)","decl":{"start":{"line":5,"column":17},"end":{"line":5,"column":18}},"loc":{"start":{"line":5,"column":30},"end":{"line":9,"column":1}},"line":5},"1":{"name":"(anonymous_1)","decl":{"start":{"line":11,"column":26},"end":{"line":11,"column":27}},"loc":{"start":{"line":11,"column":39},"end":{"line":20,"column":2}},"line":11},"2":{"name":"(anonymous_2)","decl":{"start":{"line":22,"column":22},"end":{"line":22,"column":23}},"loc":{"start":{"line":22,"column":36},"end":{"line":43,"column":1}},"line":22}},"branchMap":{"0":{"loc":{"start":{"line":28,"column":2},"end":{"line":28,"column":53}},"type":"if","locations":[{"start":{"line":28,"column":2},"end":{"line":28,"column":53}},{"start":{"line":28,"column":2},"end":{"line":28,"column":53}}],"line":28},"1":{"loc":{"start":{"line":33,"column":4},"end":{"line":33,"column":45}},"type":"if","locations":[{"start":{"line":33,"column":4},"end":{"line":33,"column":45}},{"start":{"line":33,"column":4},"end":{"line":33,"column":45}}],"line":33},"2":{"loc":{"start":{"line":33,"column":8},"end":{"line":33,"column":34}},"type":"binary-expr","locations":[{"start":{"line":33,"column":9},"end":{"line":33,"column":18}},{"start":{"line":33,"column":24},"end":{"line":33,"column":33}}],"line":33},"3":{"loc":{"start":{"line":34,"column":4},"end":{"line":34,"column":73}},"type":"if","locations":[{"start":{"line":34,"column":4},"end":{"line":34,"column":73}},{"start":{"line":34,"column":4},"end":{"line":34,"column":73}}],"line":34},"4":{"loc":{"start":{"line":40,"column":4},"end":{"line":40,"column":45}},"type":"if","locations":[{"start":{"line":40,"column":4},"end":{"line":40,"column":45}},{"start":{"line":40,"column":4},"end":{"line":40,"column":45}}],"line":40},"5":{"loc":{"start":{"line":40,"column":8},"end":{"line":40,"column":34}},"type":"binary-expr","locations":[{"start":{"line":40,"column":9},"end":{"line":40,"column":18}},{"start":{"line":40,"column":24},"end":{"line":40,"column":33}}],"line":40},"6":{"loc":{"start":{"line":41,"column":4},"end":{"line":41,"column":75}},"type":"if","locations":[{"start":{"line":41,"column":4},"end":{"line":41,"column":75}},{"start":{"line":41,"column":4},"end":{"line":41,"column":75}}],"line":41}},"s":{"0":1,"1":1,"2":1,"3":0,"4":0,"5":0,"6":1,"7":3,"8":3,"9":3,"10":1,"11":14,"12":14,"13":14,"14":14,"15":0,"16":14,"17":126,"18":14,"19":14,"20":0,"21":14,"22":6,"23":14,"24":14,"25":140,"26":14,"27":14,"28":0,"29":14,"30":7,"31":9,"32":1},"f":{"0":0,"1":3,"2":14},"b":{"0":[0,14],"1":[0,14],"2":[14,14],"3":[6,8],"4":[0,14],"5":[14,14],"6":[7,7]},"_coverageSchema":"43e27e138ebf9cfc5966b082cf9a028302ed4184","hash":"080f7e4857a479a10bf20842d5aa4c3b0cbeaba9"}
}
