TN:
SF:C:\Users\Usuario\Documents\Lp3\LP3_2019-2\Aula-01\app.js
FN:5,(anonymous_0)
FN:11,(anonymous_1)
FN:22,(anonymous_2)
FNF:3
FNH:2
FNDA:0,(anonymous_0)
FNDA:3,(anonymous_1)
FNDA:14,(anonymous_2)
DA:1,1
DA:3,1
DA:5,1
DA:6,0
DA:7,0
DA:8,0
DA:11,1
DA:13,3
DA:15,3
DA:19,3
DA:22,1
DA:23,14
DA:24,14
DA:26,14
DA:28,14
DA:30,126
DA:31,14
DA:33,14
DA:34,14
DA:36,14
DA:37,140
DA:38,14
DA:40,14
DA:41,14
DA:42,9
DA:45,1
LF:26
LH:23
BRDA:28,0,0,0
BRDA:28,0,1,14
BRDA:33,1,0,0
BRDA:33,1,1,14
BRDA:33,2,0,14
BRDA:33,2,1,14
BRDA:34,3,0,6
BRDA:34,3,1,8
BRDA:40,4,0,0
BRDA:40,4,1,14
BRDA:40,5,0,14
BRDA:40,5,1,14
BRDA:41,6,0,7
BRDA:41,6,1,7
BRF:14
BRH:11
end_of_record
