{"/Users/sidneysousa/Documents/Aula/LP3/LP3_2019_2/Aula01/app.js": {"path":"/Users/sidneysousa/Documents/Aula/LP3/LP3_2019_2/Aula01/app.js","statementMap":{"0":{"start":{"line":1,"column":16},"end":{"line":1,"column":34}},"1":{"start":{"line":3,"column":12},"end":{"line":3,"column":21}},"2":{"start":{"line":6,"column":0},"end":{"line":10,"column":3}},"3":{"start":{"line":7,"column":20},"end":{"line":7,"column":30}},"4":{"start":{"line":8,"column":4},"end":{"line":8,"column":47}},"5":{"start":{"line":9,"column":4},"end":{"line":9,"column":24}},"6":{"start":{"line":12,"column":0},"end":{"line":18,"column":3}},"7":{"start":{"line":14,"column":14},"end":{"line":14,"column":28}},"8":{"start":{"line":16,"column":4},"end":{"line":16,"column":43}},"9":{"start":{"line":17,"column":4},"end":{"line":17,"column":33}},"10":{"start":{"line":20,"column":0},"end":{"line":63,"column":3}},"11":{"start":{"line":21,"column":14},"end":{"line":21,"column":28}},"12":{"start":{"line":22,"column":24},"end":{"line":22,"column":28}},"13":{"start":{"line":24,"column":4},"end":{"line":26,"column":5}},"14":{"start":{"line":25,"column":8},"end":{"line":25,"column":43}},"15":{"start":{"line":27,"column":4},"end":{"line":32,"column":5}},"16":{"start":{"line":27,"column":17},"end":{"line":27,"column":18}},"17":{"start":{"line":28,"column":8},"end":{"line":31,"column":9}},"18":{"start":{"line":29,"column":12},"end":{"line":29,"column":34}},"19":{"start":{"line":30,"column":12},"end":{"line":30,"column":18}},"20":{"start":{"line":33,"column":4},"end":{"line":62,"column":5}},"21":{"start":{"line":34,"column":22},"end":{"line":34,"column":41}},"22":{"start":{"line":35,"column":22},"end":{"line":35,"column":38}},"23":{"start":{"line":36,"column":19},"end":{"line":36,"column":20}},"24":{"start":{"line":38,"column":8},"end":{"line":40,"column":9}},"25":{"start":{"line":38,"column":21},"end":{"line":38,"column":23}},"26":{"start":{"line":39,"column":12},"end":{"line":39,"column":47}},"27":{"start":{"line":42,"column":8},"end":{"line":42,"column":55}},"28":{"start":{"line":43,"column":8},"end":{"line":45,"column":9}},"29":{"start":{"line":44,"column":12},"end":{"line":44,"column":47}},"30":{"start":{"line":47,"column":8},"end":{"line":47,"column":39}},"31":{"start":{"line":48,"column":8},"end":{"line":48,"column":17}},"32":{"start":{"line":49,"column":8},"end":{"line":51,"column":9}},"33":{"start":{"line":49,"column":21},"end":{"line":49,"column":23}},"34":{"start":{"line":50,"column":12},"end":{"line":50,"column":47}},"35":{"start":{"line":53,"column":8},"end":{"line":53,"column":55}},"36":{"start":{"line":54,"column":8},"end":{"line":56,"column":9}},"37":{"start":{"line":55,"column":12},"end":{"line":55,"column":47}},"38":{"start":{"line":58,"column":8},"end":{"line":58,"column":42}},"39":{"start":{"line":61,"column":8},"end":{"line":61,"column":43}},"40":{"start":{"line":65,"column":0},"end":{"line":65,"column":21}}},"fnMap":{"0":{"name":"(anonymous_0)","decl":{"start":{"line":6,"column":17},"end":{"line":6,"column":18}},"loc":{"start":{"line":6,"column":31},"end":{"line":10,"column":1}},"line":6},"1":{"name":"(anonymous_1)","decl":{"start":{"line":12,"column":26},"end":{"line":12,"column":27}},"loc":{"start":{"line":12,"column":40},"end":{"line":18,"column":1}},"line":12},"2":{"name":"(anonymous_2)","decl":{"start":{"line":20,"column":21},"end":{"line":20,"column":22}},"loc":{"start":{"line":20,"column":35},"end":{"line":63,"column":1}},"line":20}},"branchMap":{"0":{"loc":{"start":{"line":24,"column":4},"end":{"line":26,"column":5}},"type":"if","locations":[{"start":{"line":24,"column":4},"end":{"line":26,"column":5}},{"start":{"line":24,"column":4},"end":{"line":26,"column":5}}],"line":24},"1":{"loc":{"start":{"line":28,"column":8},"end":{"line":31,"column":9}},"type":"if","locations":[{"start":{"line":28,"column":8},"end":{"line":31,"column":9}},{"start":{"line":28,"column":8},"end":{"line":31,"column":9}}],"line":28},"2":{"loc":{"start":{"line":33,"column":4},"end":{"line":62,"column":5}},"type":"if","locations":[{"start":{"line":33,"column":4},"end":{"line":62,"column":5}},{"start":{"line":33,"column":4},"end":{"line":62,"column":5}}],"line":33},"3":{"loc":{"start":{"line":42,"column":20},"end":{"line":42,"column":54}},"type":"cond-expr","locations":[{"start":{"line":42,"column":36},"end":{"line":42,"column":37}},{"start":{"line":42,"column":40},"end":{"line":42,"column":54}}],"line":42},"4":{"loc":{"start":{"line":43,"column":8},"end":{"line":45,"column":9}},"type":"if","locations":[{"start":{"line":43,"column":8},"end":{"line":45,"column":9}},{"start":{"line":43,"column":8},"end":{"line":45,"column":9}}],"line":43},"5":{"loc":{"start":{"line":53,"column":20},"end":{"line":53,"column":54}},"type":"cond-expr","locations":[{"start":{"line":53,"column":36},"end":{"line":53,"column":37}},{"start":{"line":53,"column":40},"end":{"line":53,"column":54}}],"line":53},"6":{"loc":{"start":{"line":54,"column":8},"end":{"line":56,"column":9}},"type":"if","locations":[{"start":{"line":54,"column":8},"end":{"line":56,"column":9}},{"start":{"line":54,"column":8},"end":{"line":56,"column":9}}],"line":54}},"s":{"0":1,"1":1,"2":1,"3":0,"4":0,"5":0,"6":1,"7":3,"8":3,"9":3,"10":1,"11":13,"12":13,"13":13,"14":2,"15":11,"16":11,"17":22,"18":10,"19":10,"20":11,"21":10,"22":10,"23":10,"24":10,"25":10,"26":90,"27":10,"28":10,"29":0,"30":10,"31":10,"32":10,"33":10,"34":100,"35":10,"36":10,"37":4,"38":6,"39":1,"40":1},"f":{"0":0,"1":3,"2":13},"b":{"0":[2,11],"1":[10,12],"2":[10,1],"3":[2,8],"4":[0,10],"5":[1,9],"6":[4,6]},"_coverageSchema":"43e27e138ebf9cfc5966b082cf9a028302ed4184","hash":"5c66ed2e59f0fbb0a410eddb74535f94386c784a"}
}
