TN:
SF:/Users/sidneysousa/Documents/Aula/LP3/LP3_2019_2/Aula01/app.js
FN:6,(anonymous_0)
FN:12,(anonymous_1)
FN:20,(anonymous_2)
FNF:3
FNH:2
FNDA:0,(anonymous_0)
FNDA:3,(anonymous_1)
FNDA:13,(anonymous_2)
DA:1,1
DA:3,1
DA:6,1
DA:7,0
DA:8,0
DA:9,0
DA:12,1
DA:14,3
DA:16,3
DA:17,3
DA:20,1
DA:21,13
DA:22,13
DA:24,13
DA:25,2
DA:27,11
DA:28,22
DA:29,10
DA:30,10
DA:33,11
DA:34,10
DA:35,10
DA:36,10
DA:38,10
DA:39,90
DA:42,10
DA:43,10
DA:44,0
DA:47,10
DA:48,10
DA:49,10
DA:50,100
DA:53,10
DA:54,10
DA:55,4
DA:58,6
DA:61,1
DA:65,1
LF:38
LH:34
BRDA:24,0,0,2
BRDA:24,0,1,11
BRDA:28,1,0,10
BRDA:28,1,1,12
BRDA:33,2,0,10
BRDA:33,2,1,1
BRDA:42,3,0,2
BRDA:42,3,1,8
BRDA:43,4,0,0
BRDA:43,4,1,10
BRDA:53,5,0,1
BRDA:53,5,1,9
BRDA:54,6,0,4
BRDA:54,6,1,6
BRF:14
BRH:13
end_of_record
